0 info it worked if it ends with ok
1 verbose cli [ 'C:\\Program Files\\nodejs\\\\node.exe',
1 verbose cli   'C:\\Program Files\\nodejs\\node_modules\\npm\\bin\\npm-cli.js',
1 verbose cli   'install' ]
2 info using npm@1.3.17
3 info using node@v0.10.23
4 verbose node symlink C:\Program Files\nodejs\\node.exe
5 warn package.json angular-smsapp@0.0.0 No description
6 warn package.json angular-smsapp@0.0.0 No README data
7 verbose readDependencies using package.json deps
8 verbose install where, deps [ 'D:\\chaitanya_projects\\GIT_SMS\\SMS',
8 verbose install   [ 'angular',
8 verbose install     'angular-mocks',
8 verbose install     'bootstrap',
8 verbose install     'angular-route',
8 verbose install     'grunt',
8 verbose install     'grunt-recess',
8 verbose install     'grunt-contrib-clean',
8 verbose install     'grunt-contrib-copy',
8 verbose install     'grunt-contrib-jshint',
8 verbose install     'grunt-contrib-concat',
8 verbose install     'grunt-contrib-uglify',
8 verbose install     'grunt-karma',
8 verbose install     'grunt-html2js',
8 verbose install     'grunt-contrib-watch' ] ]
9 info preinstall angular-smsapp@0.0.0
10 verbose readDependencies using package.json deps
11 verbose cache add [ 'angular@1.3.x', null ]
12 verbose cache add name=undefined spec="angular@1.3.x" args=["angular@1.3.x",null]
13 verbose parsed url { protocol: null,
13 verbose parsed url   slashes: null,
13 verbose parsed url   auth: null,
13 verbose parsed url   host: null,
13 verbose parsed url   port: null,
13 verbose parsed url   hostname: null,
13 verbose parsed url   hash: null,
13 verbose parsed url   search: null,
13 verbose parsed url   query: null,
13 verbose parsed url   pathname: 'angular@1.3.x',
13 verbose parsed url   path: 'angular@1.3.x',
13 verbose parsed url   href: 'angular@1.3.x' }
14 verbose cache add name="angular" spec="1.3.x" args=["angular","1.3.x"]
15 verbose parsed url { protocol: null,
15 verbose parsed url   slashes: null,
15 verbose parsed url   auth: null,
15 verbose parsed url   host: null,
15 verbose parsed url   port: null,
15 verbose parsed url   hostname: null,
15 verbose parsed url   hash: null,
15 verbose parsed url   search: null,
15 verbose parsed url   query: null,
15 verbose parsed url   pathname: '1.3.x',
15 verbose parsed url   path: '1.3.x',
15 verbose parsed url   href: '1.3.x' }
16 verbose addNamed [ 'angular', '1.3.x' ]
17 verbose addNamed [ null, '>=1.3.0-0 <1.4.0-0' ]
18 verbose already installed skipping angular-mocks@~1.2.x D:\chaitanya_projects\GIT_SMS\SMS
19 verbose already installed skipping bootstrap@~3.1.1 D:\chaitanya_projects\GIT_SMS\SMS
20 verbose already installed skipping angular-route@~1.2.x D:\chaitanya_projects\GIT_SMS\SMS
21 verbose already installed skipping grunt@~0.4.0 D:\chaitanya_projects\GIT_SMS\SMS
22 verbose already installed skipping grunt-recess@~0.3 D:\chaitanya_projects\GIT_SMS\SMS
23 verbose already installed skipping grunt-contrib-clean@~0.4.0 D:\chaitanya_projects\GIT_SMS\SMS
24 verbose already installed skipping grunt-contrib-copy@~0.4.0 D:\chaitanya_projects\GIT_SMS\SMS
25 silly lockFile a5922be7-angular-1-3-x angular@1.3.x
26 verbose lock angular@1.3.x C:\Users\harish525\AppData\Roaming\npm-cache\a5922be7-angular-1-3-x.lock
27 silly addNameRange { name: 'angular', range: '>=1.3.0-0 <1.4.0-0', hasData: false }
28 verbose url raw angular
29 verbose url resolving [ 'https://registry.npmjs.org/', './angular' ]
30 verbose url resolved https://registry.npmjs.org/angular
31 info trying registry request attempt 1 at 18:33:40
32 verbose etag "9T5E9DW3SQ03FR530PUO3OIDU"
33 http GET https://registry.npmjs.org/angular
34 verbose already installed skipping grunt-contrib-jshint@~0.2.0 D:\chaitanya_projects\GIT_SMS\SMS
35 verbose already installed skipping grunt-contrib-concat@~0.1.3 D:\chaitanya_projects\GIT_SMS\SMS
36 verbose already installed skipping grunt-contrib-uglify@~0.1.1 D:\chaitanya_projects\GIT_SMS\SMS
37 verbose already installed skipping grunt-karma@~0.4.4 D:\chaitanya_projects\GIT_SMS\SMS
38 verbose already installed skipping grunt-html2js@~0.1.0 D:\chaitanya_projects\GIT_SMS\SMS
39 verbose already installed skipping grunt-contrib-watch@~0.3.1 D:\chaitanya_projects\GIT_SMS\SMS
40 http 304 https://registry.npmjs.org/angular
41 silly registry.get cb [ 304,
41 silly registry.get   { date: 'Fri, 25 Jul 2014 13:03:38 GMT',
41 silly registry.get     server: 'Apache',
41 silly registry.get     via: '1.1 varnish',
41 silly registry.get     'last-modified': 'Fri, 25 Jul 2014 13:03:39 GMT',
41 silly registry.get     'cache-control': 'max-age=60',
41 silly registry.get     etag: '"9T5E9DW3SQ03FR530PUO3OIDU"',
41 silly registry.get     'x-served-by': 'cache-syd1621-SYD',
41 silly registry.get     'x-cache': 'MISS',
41 silly registry.get     'x-cache-hits': '0',
41 silly registry.get     'x-timer': 'S1406293418.918208,VS0,VE947',
41 silly registry.get     vary: 'Accept',
41 silly registry.get     'content-length': '0',
41 silly registry.get     'keep-alive': 'timeout=10, max=50',
41 silly registry.get     connection: 'Keep-Alive' } ]
42 verbose etag angular from cache
43 silly addNameRange number 2 { name: 'angular', range: '>=1.3.0-0 <1.4.0-0', hasData: true }
44 silly addNameRange versions [ 'angular',
44 silly addNameRange   [ '0.0.1',
44 silly addNameRange     '0.0.1-1',
44 silly addNameRange     '0.0.1-2',
44 silly addNameRange     '0.0.2',
44 silly addNameRange     '0.0.3',
44 silly addNameRange     '0.0.4',
44 silly addNameRange     '1.0.0',
44 silly addNameRange     '1.0.1',
44 silly addNameRange     '1.0.2',
44 silly addNameRange     '1.0.3',
44 silly addNameRange     '1.0.4',
44 silly addNameRange     '1.0.5',
44 silly addNameRange     '1.0.6',
44 silly addNameRange     '1.0.7',
44 silly addNameRange     '1.0.8',
44 silly addNameRange     '1.1.0',
44 silly addNameRange     '1.1.1',
44 silly addNameRange     '1.1.2',
44 silly addNameRange     '1.1.3',
44 silly addNameRange     '1.1.4',
44 silly addNameRange     '1.1.5',
44 silly addNameRange     '1.2.0',
44 silly addNameRange     '1.2.1',
44 silly addNameRange     '1.2.2',
44 silly addNameRange     '1.2.3',
44 silly addNameRange     '1.2.4',
44 silly addNameRange     '1.2.5',
44 silly addNameRange     '1.2.6',
44 silly addNameRange     '1.2.7',
44 silly addNameRange     '1.2.8',
44 silly addNameRange     '1.2.9',
44 silly addNameRange     '1.2.10',
44 silly addNameRange     '1.2.11',
44 silly addNameRange     '1.2.12',
44 silly addNameRange     '1.2.13',
44 silly addNameRange     '1.2.14',
44 silly addNameRange     '1.2.15',
44 silly addNameRange     '1.2.16',
44 silly addNameRange     '1.2.17',
44 silly addNameRange     '1.2.18',
44 silly addNameRange     '1.2.19' ] ]
45 silly lockFile a5922be7-angular-1-3-x angular@1.3.x
46 silly lockFile a5922be7-angular-1-3-x angular@1.3.x
47 error notarget No compatible version found: angular@'>=1.3.0-0 <1.4.0-0'
47 error notarget Valid install targets:
47 error notarget ["0.0.1","0.0.1-1","0.0.1-2","0.0.2","0.0.3","0.0.4","1.0.0","1.0.1","1.0.2","1.0.3","1.0.4","1.0.5","1.0.6","1.0.7","1.0.8","1.1.0","1.1.1","1.1.2","1.1.3","1.1.4","1.1.5","1.2.0","1.2.1","1.2.2","1.2.3","1.2.4","1.2.5","1.2.6","1.2.7","1.2.8","1.2.9","1.2.10","1.2.11","1.2.12","1.2.13","1.2.14","1.2.15","1.2.16","1.2.17","1.2.18","1.2.19"]
47 error notarget
47 error notarget This is most likely not a problem with npm itself.
47 error notarget In most cases you or one of your dependencies are requesting
47 error notarget a package version that doesn't exist.
48 error System Windows_NT 6.2.9200
49 error command "C:\\Program Files\\nodejs\\\\node.exe" "C:\\Program Files\\nodejs\\node_modules\\npm\\bin\\npm-cli.js" "install"
50 error cwd D:\chaitanya_projects\GIT_SMS\SMS
51 error node -v v0.10.23
52 error npm -v 1.3.17
53 error code ETARGET
54 verbose exit [ 1, true ]
